<?xml version="1.0" encoding="UTF-8"?>
<!-- Generated by org.testng.reporters.JUnitReportReporter -->
<testsuite skipped="0" hostname="DESKTOP-6QMGU85" name="TestcasePages.TestMethods_LoginPage" tests="1" failures="0" timestamp="2022-09-09T13:16:17 IST" time="12.779" errors="0">
  <testcase name="LoginPageTC1" time="12.779" classname="TestcasePages.TestMethods_LoginPage"/>
  <system-out/>
</testsuite> <!-- TestcasePages.TestMethods_LoginPage -->
