<?xml version="1.0" encoding="UTF-8"?>
<!-- Generated by org.testng.reporters.JUnitReportReporter -->
<testsuite skipped="0" hostname="DESKTOP-6QMGU85" name="com.ohrm.testcases.TC_AddUser" tests="1" failures="0" timestamp="2022-09-11T23:00:34 IST" time="9.859" errors="0">
  <testcase name="addusers" time="9.859" classname="com.ohrm.testcases.TC_AddUser"/>
  <system-out/>
</testsuite> <!-- com.ohrm.testcases.TC_AddUser -->
