<?xml version="1.0" encoding="UTF-8"?>
<!-- Generated by org.testng.reporters.JUnitReportReporter -->
<testsuite skipped="0" hostname="DESKTOP-6QMGU85" name="com.ohrm.testcases.TC_LoginPageTest" tests="3" failures="0" timestamp="2022-09-14T21:11:03 IST" time="7.502" errors="0">
  <testcase name="verifyPageUrlTest" time="0.010" classname="com.ohrm.testcases.TC_LoginPageTest"/>
  <system-out/>
  <testcase name="verifyPageTitleTest" time="2.759" classname="com.ohrm.testcases.TC_LoginPageTest"/>
  <system-out/>
  <testcase name="LoginPageTest" time="4.733" classname="com.ohrm.testcases.TC_LoginPageTest"/>
  <system-out/>
</testsuite> <!-- com.ohrm.testcases.TC_LoginPageTest -->
